 SELECT * FROM ( 
SELECT 
IF(mbanc.tipo_doc IN ('CH','ND'),relch.numero,IF(mbanc.deid>0,CONCAT('DE REF:',mbanc.deid),IF(mbanc.coding>0,CONCAT('ING REF:',mbanc.coding),''))) relacion,
MID(cheque,LENGTH(cheque)-3,4) ordena,tipo_doc='DP' tdp,tipo_doc='NC' tnc,tipo_doc='ND' tnd,tipo_doc='CH' tch, mbanc.id, mbanc.tipo_doc, mbanc.status, mbanc.codbanc codbanc, IF(mbanc.status='AN','',UPPER(mbanc.benefi))  benefi, UPPER(		IF(mbanc.status='AN',CONCAT('ANULADO ',UPPER(mbanc.observa)),UPPER(CONCAT_WS(' ',mbanc.benefi,		mbanc.observa,
		IF(LENGTH(mbanc.observa2)>0,' ORDENES DE PAGO:',''),
		mbanc.observa2)))
) observacion
, mbanc.fecha, IF(tipo_doc='CH','CHEQUE',IF(tipo_doc='NC','N. CREDITO', IF(tipo_doc='ND','N. DEBITO', IF(tipo_doc='DP','DEPOSITO','')))) tipo, cheque, IF((tipo_doc='NC' OR tipo_doc='DP') ,IF(mbanc.status<> 'A' AND mbanc.status<> 'AN',monto,0),'') ingreso, IF((tipo_doc='CH' OR tipo_doc='ND') ,IF(mbanc.status<> 'A' AND mbanc.status<> 'AN',monto,0),'') egreso, (IF((tipo_doc='NC' OR tipo_doc='DP') AND mbanc.status<> 'A' AND mbanc.status<> 'AN',monto,0)-IF((tipo_doc='CH' OR tipo_doc='ND') AND mbanc.status<> 'A' AND mbanc.status<> 'AN',monto,0)) saldo,IF(coding>0,CONCAT('I',coding),IF(desem>0,CONCAT('D',desem),CONCAT('M',bcta))) bcta
FROM (mbanc)
LEFT JOIN relch ON mbanc.relch=relch.id
WHERE mbanc.status not in ('J1','E1')
AND mbanc.fecha >= 20150901
AND mbanc.fecha <= 20150930
AND multiple IS NULL AND codbanc  = 'B0002'  
UNION ALL 

SELECT  relacion, ordena,tdp,tnc,tnd,tch,id,tipo_doc,status,codbanc,benefi,observacion,fecha,tipo,group_concat(cheque) cheque,SUM(ingreso) ingreso,SUM(egreso) egreso,SUM(saldo) saldo,bcta 
FROM  (
SELECT IF(mbanc.coding>0,CONCAT('ING REF:',mbanc.coding),'') relacion,multiple,MID(cheque,LENGTH(cheque)-3,4) ordena,tipo_doc='DP' tdp,tipo_doc='NC' tnc,tipo_doc='ND' tnd,tipo_doc='CH' tch, mbanc.id, mbanc.tipo_doc, mbanc.status, mbanc.codbanc codbanc, IF(status='AN','',UPPER(mbanc.benefi))  benefi, 
CONCAT_WS(' ',IF(status='AN',UPPER(mbanc.observa),UPPER(mbanc.benefi)),UPPER(mbanc.observa)) observacion, 
fecha, IF(tipo_doc='CH','CHEQUE',IF(tipo_doc='NC','N. CREDITO', IF(tipo_doc='ND','N. DEBITO', IF(tipo_doc='DP','DEPOSITO','')))) tipo,  cheque cheque, 
(IF((tipo_doc='NC' OR tipo_doc='DP') ,IF(status<> 'A' AND status<> 'AN',monto,0),'')) ingreso, 
(IF((tipo_doc='CH' OR tipo_doc='ND') ,IF(status<> 'A' AND status<> 'AN',monto,0),'')) egreso, 
((IF((tipo_doc='NC' OR tipo_doc='DP') AND status<> 'A' AND status<> 'AN',monto,0)-IF((tipo_doc='CH' OR tipo_doc='ND') AND status<> 'A' AND status<> 'AN',monto,0))) saldo,IF(coding>0,CONCAT('I',coding),IF(desem>0,CONCAT('D',desem),CONCAT('M',bcta))) bcta
FROM (mbanc)
WHERE status not in ('J1','E1')
AND fecha >= 20150901
AND fecha <= 20150930
AND  (multiple>0) AND codbanc  = 'B0002'  ORDER BY fecha2,cheque  )tt GROUP BY multiple ) todo ORDER BY codbanc,fecha,tdp='DP',ordena,id